e:\popcorn_project\popcorn\popcorn\x64\debug\vc143.pdb
e:\popcorn_project\popcorn\popcorn\x64\debug\vc143.idb
e:\popcorn_project\popcorn\popcorn\x64\debug\platform.obj
e:\popcorn_project\popcorn\popcorn\x64\debug\ball.obj
e:\popcorn_project\popcorn\popcorn\x64\debug\main.obj
e:\popcorn_project\popcorn\popcorn\x64\debug\level.obj
e:\popcorn_project\popcorn\popcorn\x64\debug\engine.obj
e:\popcorn_project\popcorn\popcorn\x64\debug\config.obj
e:\popcorn_project\popcorn\popcorn\x64\debug\border.obj
e:\popcorn_project\popcorn\popcorn\x64\debug\active_brick.obj
e:\popcorn_project\popcorn\x64\debug\popcorn.exe
e:\popcorn_project\popcorn\popcorn\x64\debug\popcorn.ilk
e:\popcorn_project\popcorn\x64\debug\popcorn.pdb
e:\popcorn_project\popcorn\popcorn\x64\debug\popcorn.res
e:\popcorn_project\popcorn\popcorn\x64\debug\popcorn.tlog\cl.command.1.tlog
e:\popcorn_project\popcorn\popcorn\x64\debug\popcorn.tlog\cl.items.tlog
e:\popcorn_project\popcorn\popcorn\x64\debug\popcorn.tlog\cl.read.1.tlog
e:\popcorn_project\popcorn\popcorn\x64\debug\popcorn.tlog\cl.write.1.tlog
e:\popcorn_project\popcorn\popcorn\x64\debug\popcorn.tlog\link.command.1.tlog
e:\popcorn_project\popcorn\popcorn\x64\debug\popcorn.tlog\link.read.1.tlog
e:\popcorn_project\popcorn\popcorn\x64\debug\popcorn.tlog\link.write.1.tlog
e:\popcorn_project\popcorn\popcorn\x64\debug\popcorn.tlog\rc.command.1.tlog
e:\popcorn_project\popcorn\popcorn\x64\debug\popcorn.tlog\rc.read.1.tlog
e:\popcorn_project\popcorn\popcorn\x64\debug\popcorn.tlog\rc.write.1.tlog
